<?xml version="1.0" encoding="UTF-8"?>
<testsuite xmlns:xsi="http://www.w3.org/2001/XMLSchema-instance" xsi:noNamespaceSchemaLocation="https://maven.apache.org/surefire/maven-surefire-plugin/xsd/surefire-test-report.xsd" name="com.mju.video.VideoApplicationTests" time="9.771" tests="1" errors="0" skipped="0" failures="0">
  <properties>
    <property name="sun.desktop" value="windows"/>
    <property name="awt.toolkit" value="sun.awt.windows.WToolkit"/>
    <property name="file.encoding.pkg" value="sun.io"/>
    <property name="java.specification.version" value="1.8"/>
    <property name="sun.cpu.isalist" value="amd64"/>
    <property name="sun.jnu.encoding" value="GBK"/>
    <property name="java.class.path" value="C:\Users\Administrator\IdeaProjects\video\target\test-classes;C:\Users\Administrator\IdeaProjects\video\target\classes;E:\apache-maven-3.6.3\repo\org\springframework\boot\spring-boot-starter-data-jpa\2.2.1.RELEASE\spring-boot-starter-data-jpa-2.2.1.RELEASE.jar;E:\apache-maven-3.6.3\repo\org\springframework\boot\spring-boot-starter-aop\2.2.1.RELEASE\spring-boot-starter-aop-2.2.1.RELEASE.jar;E:\apache-maven-3.6.3\repo\org\springframework\spring-aop\5.2.1.RELEASE\spring-aop-5.2.1.RELEASE.jar;E:\apache-maven-3.6.3\repo\org\aspectj\aspectjweaver\1.9.4\aspectjweaver-1.9.4.jar;E:\apache-maven-3.6.3\repo\org\springframework\boot\spring-boot-starter-jdbc\2.2.1.RELEASE\spring-boot-starter-jdbc-2.2.1.RELEASE.jar;E:\apache-maven-3.6.3\repo\com\zaxxer\HikariCP\3.4.1\HikariCP-3.4.1.jar;E:\apache-maven-3.6.3\repo\org\springframework\spring-jdbc\5.2.1.RELEASE\spring-jdbc-5.2.1.RELEASE.jar;E:\apache-maven-3.6.3\repo\jakarta\activation\jakarta.activation-api\1.2.1\jakarta.activation-api-1.2.1.jar;E:\apache-maven-3.6.3\repo\jakarta\persistence\jakarta.persistence-api\2.2.3\jakarta.persistence-api-2.2.3.jar;E:\apache-maven-3.6.3\repo\jakarta\transaction\jakarta.transaction-api\1.3.3\jakarta.transaction-api-1.3.3.jar;E:\apache-maven-3.6.3\repo\org\hibernate\hibernate-core\5.4.8.Final\hibernate-core-5.4.8.Final.jar;E:\apache-maven-3.6.3\repo\org\jboss\logging\jboss-logging\3.4.1.Final\jboss-logging-3.4.1.Final.jar;E:\apache-maven-3.6.3\repo\org\javassist\javassist\3.24.0-GA\javassist-3.24.0-GA.jar;E:\apache-maven-3.6.3\repo\net\bytebuddy\byte-buddy\1.10.2\byte-buddy-1.10.2.jar;E:\apache-maven-3.6.3\repo\antlr\antlr\2.7.7\antlr-2.7.7.jar;E:\apache-maven-3.6.3\repo\org\jboss\jandex\2.0.5.Final\jandex-2.0.5.Final.jar;E:\apache-maven-3.6.3\repo\com\fasterxml\classmate\1.5.1\classmate-1.5.1.jar;E:\apache-maven-3.6.3\repo\org\dom4j\dom4j\2.1.1\dom4j-2.1.1.jar;E:\apache-maven-3.6.3\repo\org\hibernate\common\hibernate-commons-annotations\5.1.0.Final\hibernate-commons-annotations-5.1.0.Final.jar;E:\apache-maven-3.6.3\repo\org\glassfish\jaxb\jaxb-runtime\2.3.2\jaxb-runtime-2.3.2.jar;E:\apache-maven-3.6.3\repo\org\glassfish\jaxb\txw2\2.3.2\txw2-2.3.2.jar;E:\apache-maven-3.6.3\repo\com\sun\istack\istack-commons-runtime\3.0.8\istack-commons-runtime-3.0.8.jar;E:\apache-maven-3.6.3\repo\org\jvnet\staxex\stax-ex\1.8.1\stax-ex-1.8.1.jar;E:\apache-maven-3.6.3\repo\com\sun\xml\fastinfoset\FastInfoset\1.2.16\FastInfoset-1.2.16.jar;E:\apache-maven-3.6.3\repo\org\springframework\data\spring-data-jpa\2.2.1.RELEASE\spring-data-jpa-2.2.1.RELEASE.jar;E:\apache-maven-3.6.3\repo\org\springframework\data\spring-data-commons\2.2.1.RELEASE\spring-data-commons-2.2.1.RELEASE.jar;E:\apache-maven-3.6.3\repo\org\springframework\spring-orm\5.2.1.RELEASE\spring-orm-5.2.1.RELEASE.jar;E:\apache-maven-3.6.3\repo\org\springframework\spring-context\5.2.1.RELEASE\spring-context-5.2.1.RELEASE.jar;E:\apache-maven-3.6.3\repo\org\springframework\spring-tx\5.2.1.RELEASE\spring-tx-5.2.1.RELEASE.jar;E:\apache-maven-3.6.3\repo\org\springframework\spring-beans\5.2.1.RELEASE\spring-beans-5.2.1.RELEASE.jar;E:\apache-maven-3.6.3\repo\org\slf4j\slf4j-api\1.7.29\slf4j-api-1.7.29.jar;E:\apache-maven-3.6.3\repo\org\springframework\spring-aspects\5.2.1.RELEASE\spring-aspects-5.2.1.RELEASE.jar;E:\apache-maven-3.6.3\repo\org\springframework\boot\spring-boot-starter-web\2.2.1.RELEASE\spring-boot-starter-web-2.2.1.RELEASE.jar;E:\apache-maven-3.6.3\repo\org\springframework\boot\spring-boot-starter\2.2.1.RELEASE\spring-boot-starter-2.2.1.RELEASE.jar;E:\apache-maven-3.6.3\repo\org\springframework\boot\spring-boot-starter-logging\2.2.1.RELEASE\spring-boot-starter-logging-2.2.1.RELEASE.jar;E:\apache-maven-3.6.3\repo\ch\qos\logback\logback-classic\1.2.3\logback-classic-1.2.3.jar;E:\apache-maven-3.6.3\repo\ch\qos\logback\logback-core\1.2.3\logback-core-1.2.3.jar;E:\apache-maven-3.6.3\repo\org\apache\logging\log4j\log4j-to-slf4j\2.12.1\log4j-to-slf4j-2.12.1.jar;E:\apache-maven-3.6.3\repo\org\apache\logging\log4j\log4j-api\2.12.1\log4j-api-2.12.1.jar;E:\apache-maven-3.6.3\repo\org\slf4j\jul-to-slf4j\1.7.29\jul-to-slf4j-1.7.29.jar;E:\apache-maven-3.6.3\repo\jakarta\annotation\jakarta.annotation-api\1.3.5\jakarta.annotation-api-1.3.5.jar;E:\apache-maven-3.6.3\repo\org\yaml\snakeyaml\1.25\snakeyaml-1.25.jar;E:\apache-maven-3.6.3\repo\org\springframework\boot\spring-boot-starter-json\2.2.1.RELEASE\spring-boot-starter-json-2.2.1.RELEASE.jar;E:\apache-maven-3.6.3\repo\com\fasterxml\jackson\core\jackson-databind\2.10.0\jackson-databind-2.10.0.jar;E:\apache-maven-3.6.3\repo\com\fasterxml\jackson\core\jackson-annotations\2.10.0\jackson-annotations-2.10.0.jar;E:\apache-maven-3.6.3\repo\com\fasterxml\jackson\core\jackson-core\2.10.0\jackson-core-2.10.0.jar;E:\apache-maven-3.6.3\repo\com\fasterxml\jackson\datatype\jackson-datatype-jdk8\2.10.0\jackson-datatype-jdk8-2.10.0.jar;E:\apache-maven-3.6.3\repo\com\fasterxml\jackson\datatype\jackson-datatype-jsr310\2.10.0\jackson-datatype-jsr310-2.10.0.jar;E:\apache-maven-3.6.3\repo\com\fasterxml\jackson\module\jackson-module-parameter-names\2.10.0\jackson-module-parameter-names-2.10.0.jar;E:\apache-maven-3.6.3\repo\org\springframework\boot\spring-boot-starter-tomcat\2.2.1.RELEASE\spring-boot-starter-tomcat-2.2.1.RELEASE.jar;E:\apache-maven-3.6.3\repo\org\apache\tomcat\embed\tomcat-embed-core\9.0.27\tomcat-embed-core-9.0.27.jar;E:\apache-maven-3.6.3\repo\org\apache\tomcat\embed\tomcat-embed-el\9.0.27\tomcat-embed-el-9.0.27.jar;E:\apache-maven-3.6.3\repo\org\apache\tomcat\embed\tomcat-embed-websocket\9.0.27\tomcat-embed-websocket-9.0.27.jar;E:\apache-maven-3.6.3\repo\org\springframework\boot\spring-boot-starter-validation\2.2.1.RELEASE\spring-boot-starter-validation-2.2.1.RELEASE.jar;E:\apache-maven-3.6.3\repo\jakarta\validation\jakarta.validation-api\2.0.1\jakarta.validation-api-2.0.1.jar;E:\apache-maven-3.6.3\repo\org\hibernate\validator\hibernate-validator\6.0.18.Final\hibernate-validator-6.0.18.Final.jar;E:\apache-maven-3.6.3\repo\org\springframework\spring-web\5.2.1.RELEASE\spring-web-5.2.1.RELEASE.jar;E:\apache-maven-3.6.3\repo\org\springframework\spring-webmvc\5.2.1.RELEASE\spring-webmvc-5.2.1.RELEASE.jar;E:\apache-maven-3.6.3\repo\org\springframework\spring-expression\5.2.1.RELEASE\spring-expression-5.2.1.RELEASE.jar;E:\apache-maven-3.6.3\repo\org\mybatis\spring\boot\mybatis-spring-boot-starter\2.1.1\mybatis-spring-boot-starter-2.1.1.jar;E:\apache-maven-3.6.3\repo\org\mybatis\spring\boot\mybatis-spring-boot-autoconfigure\2.1.1\mybatis-spring-boot-autoconfigure-2.1.1.jar;E:\apache-maven-3.6.3\repo\org\mybatis\mybatis\3.5.3\mybatis-3.5.3.jar;E:\apache-maven-3.6.3\repo\org\mybatis\mybatis-spring\2.0.3\mybatis-spring-2.0.3.jar;E:\apache-maven-3.6.3\repo\com\alibaba\druid\1.0.22\druid-1.0.22.jar;E:\Program Files\Java\jdk1.8.0_212\jre\..\lib\jconsole.jar;E:\Program Files\Java\jdk1.8.0_212\jre\..\lib\tools.jar;E:\apache-maven-3.6.3\repo\org\springframework\boot\spring-boot-devtools\2.2.1.RELEASE\spring-boot-devtools-2.2.1.RELEASE.jar;E:\apache-maven-3.6.3\repo\org\springframework\boot\spring-boot\2.2.1.RELEASE\spring-boot-2.2.1.RELEASE.jar;E:\apache-maven-3.6.3\repo\org\springframework\boot\spring-boot-autoconfigure\2.2.1.RELEASE\spring-boot-autoconfigure-2.2.1.RELEASE.jar;E:\apache-maven-3.6.3\repo\org\springframework\boot\spring-boot-starter-thymeleaf\2.2.1.RELEASE\spring-boot-starter-thymeleaf-2.2.1.RELEASE.jar;E:\apache-maven-3.6.3\repo\org\thymeleaf\thymeleaf-spring5\3.0.11.RELEASE\thymeleaf-spring5-3.0.11.RELEASE.jar;E:\apache-maven-3.6.3\repo\org\thymeleaf\thymeleaf\3.0.11.RELEASE\thymeleaf-3.0.11.RELEASE.jar;E:\apache-maven-3.6.3\repo\org\attoparser\attoparser\2.0.5.RELEASE\attoparser-2.0.5.RELEASE.jar;E:\apache-maven-3.6.3\repo\org\unbescape\unbescape\1.1.6.RELEASE\unbescape-1.1.6.RELEASE.jar;E:\apache-maven-3.6.3\repo\org\thymeleaf\extras\thymeleaf-extras-java8time\3.0.4.RELEASE\thymeleaf-extras-java8time-3.0.4.RELEASE.jar;E:\apache-maven-3.6.3\repo\mysql\mysql-connector-java\8.0.18\mysql-connector-java-8.0.18.jar;E:\apache-maven-3.6.3\repo\org\apache\commons\commons-lang3\3.8.1\commons-lang3-3.8.1.jar;E:\apache-maven-3.6.3\repo\commons-io\commons-io\2.4\commons-io-2.4.jar;E:\apache-maven-3.6.3\repo\tk\mybatis\mapper\4.1.5\mapper-4.1.5.jar;E:\apache-maven-3.6.3\repo\javax\persistence\persistence-api\1.0\persistence-api-1.0.jar;E:\apache-maven-3.6.3\repo\com\github\pagehelper\pagehelper-spring-boot-starter\1.2.5\pagehelper-spring-boot-starter-1.2.5.jar;E:\apache-maven-3.6.3\repo\com\github\pagehelper\pagehelper-spring-boot-autoconfigure\1.2.5\pagehelper-spring-boot-autoconfigure-1.2.5.jar;E:\apache-maven-3.6.3\repo\com\github\pagehelper\pagehelper\5.1.4\pagehelper-5.1.4.jar;E:\apache-maven-3.6.3\repo\com\github\jsqlparser\jsqlparser\1.0\jsqlparser-1.0.jar;E:\apache-maven-3.6.3\repo\org\springframework\boot\spring-boot-starter-test\2.2.1.RELEASE\spring-boot-starter-test-2.2.1.RELEASE.jar;E:\apache-maven-3.6.3\repo\org\springframework\boot\spring-boot-test\2.2.1.RELEASE\spring-boot-test-2.2.1.RELEASE.jar;E:\apache-maven-3.6.3\repo\org\springframework\boot\spring-boot-test-autoconfigure\2.2.1.RELEASE\spring-boot-test-autoconfigure-2.2.1.RELEASE.jar;E:\apache-maven-3.6.3\repo\com\jayway\jsonpath\json-path\2.4.0\json-path-2.4.0.jar;E:\apache-maven-3.6.3\repo\net\minidev\json-smart\2.3\json-smart-2.3.jar;E:\apache-maven-3.6.3\repo\net\minidev\accessors-smart\1.2\accessors-smart-1.2.jar;E:\apache-maven-3.6.3\repo\org\ow2\asm\asm\5.0.4\asm-5.0.4.jar;E:\apache-maven-3.6.3\repo\jakarta\xml\bind\jakarta.xml.bind-api\2.3.2\jakarta.xml.bind-api-2.3.2.jar;E:\apache-maven-3.6.3\repo\org\junit\jupiter\junit-jupiter\5.5.2\junit-jupiter-5.5.2.jar;E:\apache-maven-3.6.3\repo\org\junit\jupiter\junit-jupiter-api\5.5.2\junit-jupiter-api-5.5.2.jar;E:\apache-maven-3.6.3\repo\org\apiguardian\apiguardian-api\1.1.0\apiguardian-api-1.1.0.jar;E:\apache-maven-3.6.3\repo\org\opentest4j\opentest4j\1.2.0\opentest4j-1.2.0.jar;E:\apache-maven-3.6.3\repo\org\junit\platform\junit-platform-commons\1.5.2\junit-platform-commons-1.5.2.jar;E:\apache-maven-3.6.3\repo\org\junit\jupiter\junit-jupiter-params\5.5.2\junit-jupiter-params-5.5.2.jar;E:\apache-maven-3.6.3\repo\org\junit\jupiter\junit-jupiter-engine\5.5.2\junit-jupiter-engine-5.5.2.jar;E:\apache-maven-3.6.3\repo\org\junit\platform\junit-platform-engine\1.5.2\junit-platform-engine-1.5.2.jar;E:\apache-maven-3.6.3\repo\org\mockito\mockito-junit-jupiter\3.1.0\mockito-junit-jupiter-3.1.0.jar;E:\apache-maven-3.6.3\repo\org\assertj\assertj-core\3.13.2\assertj-core-3.13.2.jar;E:\apache-maven-3.6.3\repo\org\hamcrest\hamcrest\2.1\hamcrest-2.1.jar;E:\apache-maven-3.6.3\repo\org\mockito\mockito-core\3.1.0\mockito-core-3.1.0.jar;E:\apache-maven-3.6.3\repo\net\bytebuddy\byte-buddy-agent\1.10.2\byte-buddy-agent-1.10.2.jar;E:\apache-maven-3.6.3\repo\org\objenesis\objenesis\2.6\objenesis-2.6.jar;E:\apache-maven-3.6.3\repo\org\skyscreamer\jsonassert\1.5.0\jsonassert-1.5.0.jar;E:\apache-maven-3.6.3\repo\com\vaadin\external\google\android-json\0.0.20131108.vaadin1\android-json-0.0.20131108.vaadin1.jar;E:\apache-maven-3.6.3\repo\org\springframework\spring-core\5.2.1.RELEASE\spring-core-5.2.1.RELEASE.jar;E:\apache-maven-3.6.3\repo\org\springframework\spring-jcl\5.2.1.RELEASE\spring-jcl-5.2.1.RELEASE.jar;E:\apache-maven-3.6.3\repo\org\springframework\spring-test\5.2.1.RELEASE\spring-test-5.2.1.RELEASE.jar;E:\apache-maven-3.6.3\repo\org\xmlunit\xmlunit-core\2.6.3\xmlunit-core-2.6.3.jar;"/>
    <property name="java.vm.vendor" value="Oracle Corporation"/>
    <property name="sun.arch.data.model" value="64"/>
    <property name="user.variant" value=""/>
    <property name="java.vendor.url" value="http://java.oracle.com/"/>
    <property name="user.timezone" value="Asia/Shanghai"/>
    <property name="java.vm.specification.version" value="1.8"/>
    <property name="os.name" value="Windows 10"/>
    <property name="user.country" value="CN"/>
    <property name="sun.java.launcher" value="SUN_STANDARD"/>
    <property name="sun.boot.library.path" value="E:\Program Files\Java\jdk1.8.0_212\jre\bin"/>
    <property name="sun.java.command" value="C:\Users\ADMINI~1\AppData\Local\Temp\surefire9188516432230807020\surefirebooter6444281952281455785.jar C:\Users\Administrator\AppData\Local\Temp\surefire9188516432230807020 2019-12-11T15-37-21_802-jvmRun1 surefire5030425359847603790tmp surefire_06003690072789985527tmp"/>
    <property name="surefire.test.class.path" value="C:\Users\Administrator\IdeaProjects\video\target\test-classes;C:\Users\Administrator\IdeaProjects\video\target\classes;E:\apache-maven-3.6.3\repo\org\springframework\boot\spring-boot-starter-data-jpa\2.2.1.RELEASE\spring-boot-starter-data-jpa-2.2.1.RELEASE.jar;E:\apache-maven-3.6.3\repo\org\springframework\boot\spring-boot-starter-aop\2.2.1.RELEASE\spring-boot-starter-aop-2.2.1.RELEASE.jar;E:\apache-maven-3.6.3\repo\org\springframework\spring-aop\5.2.1.RELEASE\spring-aop-5.2.1.RELEASE.jar;E:\apache-maven-3.6.3\repo\org\aspectj\aspectjweaver\1.9.4\aspectjweaver-1.9.4.jar;E:\apache-maven-3.6.3\repo\org\springframework\boot\spring-boot-starter-jdbc\2.2.1.RELEASE\spring-boot-starter-jdbc-2.2.1.RELEASE.jar;E:\apache-maven-3.6.3\repo\com\zaxxer\HikariCP\3.4.1\HikariCP-3.4.1.jar;E:\apache-maven-3.6.3\repo\org\springframework\spring-jdbc\5.2.1.RELEASE\spring-jdbc-5.2.1.RELEASE.jar;E:\apache-maven-3.6.3\repo\jakarta\activation\jakarta.activation-api\1.2.1\jakarta.activation-api-1.2.1.jar;E:\apache-maven-3.6.3\repo\jakarta\persistence\jakarta.persistence-api\2.2.3\jakarta.persistence-api-2.2.3.jar;E:\apache-maven-3.6.3\repo\jakarta\transaction\jakarta.transaction-api\1.3.3\jakarta.transaction-api-1.3.3.jar;E:\apache-maven-3.6.3\repo\org\hibernate\hibernate-core\5.4.8.Final\hibernate-core-5.4.8.Final.jar;E:\apache-maven-3.6.3\repo\org\jboss\logging\jboss-logging\3.4.1.Final\jboss-logging-3.4.1.Final.jar;E:\apache-maven-3.6.3\repo\org\javassist\javassist\3.24.0-GA\javassist-3.24.0-GA.jar;E:\apache-maven-3.6.3\repo\net\bytebuddy\byte-buddy\1.10.2\byte-buddy-1.10.2.jar;E:\apache-maven-3.6.3\repo\antlr\antlr\2.7.7\antlr-2.7.7.jar;E:\apache-maven-3.6.3\repo\org\jboss\jandex\2.0.5.Final\jandex-2.0.5.Final.jar;E:\apache-maven-3.6.3\repo\com\fasterxml\classmate\1.5.1\classmate-1.5.1.jar;E:\apache-maven-3.6.3\repo\org\dom4j\dom4j\2.1.1\dom4j-2.1.1.jar;E:\apache-maven-3.6.3\repo\org\hibernate\common\hibernate-commons-annotations\5.1.0.Final\hibernate-commons-annotations-5.1.0.Final.jar;E:\apache-maven-3.6.3\repo\org\glassfish\jaxb\jaxb-runtime\2.3.2\jaxb-runtime-2.3.2.jar;E:\apache-maven-3.6.3\repo\org\glassfish\jaxb\txw2\2.3.2\txw2-2.3.2.jar;E:\apache-maven-3.6.3\repo\com\sun\istack\istack-commons-runtime\3.0.8\istack-commons-runtime-3.0.8.jar;E:\apache-maven-3.6.3\repo\org\jvnet\staxex\stax-ex\1.8.1\stax-ex-1.8.1.jar;E:\apache-maven-3.6.3\repo\com\sun\xml\fastinfoset\FastInfoset\1.2.16\FastInfoset-1.2.16.jar;E:\apache-maven-3.6.3\repo\org\springframework\data\spring-data-jpa\2.2.1.RELEASE\spring-data-jpa-2.2.1.RELEASE.jar;E:\apache-maven-3.6.3\repo\org\springframework\data\spring-data-commons\2.2.1.RELEASE\spring-data-commons-2.2.1.RELEASE.jar;E:\apache-maven-3.6.3\repo\org\springframework\spring-orm\5.2.1.RELEASE\spring-orm-5.2.1.RELEASE.jar;E:\apache-maven-3.6.3\repo\org\springframework\spring-context\5.2.1.RELEASE\spring-context-5.2.1.RELEASE.jar;E:\apache-maven-3.6.3\repo\org\springframework\spring-tx\5.2.1.RELEASE\spring-tx-5.2.1.RELEASE.jar;E:\apache-maven-3.6.3\repo\org\springframework\spring-beans\5.2.1.RELEASE\spring-beans-5.2.1.RELEASE.jar;E:\apache-maven-3.6.3\repo\org\slf4j\slf4j-api\1.7.29\slf4j-api-1.7.29.jar;E:\apache-maven-3.6.3\repo\org\springframework\spring-aspects\5.2.1.RELEASE\spring-aspects-5.2.1.RELEASE.jar;E:\apache-maven-3.6.3\repo\org\springframework\boot\spring-boot-starter-web\2.2.1.RELEASE\spring-boot-starter-web-2.2.1.RELEASE.jar;E:\apache-maven-3.6.3\repo\org\springframework\boot\spring-boot-starter\2.2.1.RELEASE\spring-boot-starter-2.2.1.RELEASE.jar;E:\apache-maven-3.6.3\repo\org\springframework\boot\spring-boot-starter-logging\2.2.1.RELEASE\spring-boot-starter-logging-2.2.1.RELEASE.jar;E:\apache-maven-3.6.3\repo\ch\qos\logback\logback-classic\1.2.3\logback-classic-1.2.3.jar;E:\apache-maven-3.6.3\repo\ch\qos\logback\logback-core\1.2.3\logback-core-1.2.3.jar;E:\apache-maven-3.6.3\repo\org\apache\logging\log4j\log4j-to-slf4j\2.12.1\log4j-to-slf4j-2.12.1.jar;E:\apache-maven-3.6.3\repo\org\apache\logging\log4j\log4j-api\2.12.1\log4j-api-2.12.1.jar;E:\apache-maven-3.6.3\repo\org\slf4j\jul-to-slf4j\1.7.29\jul-to-slf4j-1.7.29.jar;E:\apache-maven-3.6.3\repo\jakarta\annotation\jakarta.annotation-api\1.3.5\jakarta.annotation-api-1.3.5.jar;E:\apache-maven-3.6.3\repo\org\yaml\snakeyaml\1.25\snakeyaml-1.25.jar;E:\apache-maven-3.6.3\repo\org\springframework\boot\spring-boot-starter-json\2.2.1.RELEASE\spring-boot-starter-json-2.2.1.RELEASE.jar;E:\apache-maven-3.6.3\repo\com\fasterxml\jackson\core\jackson-databind\2.10.0\jackson-databind-2.10.0.jar;E:\apache-maven-3.6.3\repo\com\fasterxml\jackson\core\jackson-annotations\2.10.0\jackson-annotations-2.10.0.jar;E:\apache-maven-3.6.3\repo\com\fasterxml\jackson\core\jackson-core\2.10.0\jackson-core-2.10.0.jar;E:\apache-maven-3.6.3\repo\com\fasterxml\jackson\datatype\jackson-datatype-jdk8\2.10.0\jackson-datatype-jdk8-2.10.0.jar;E:\apache-maven-3.6.3\repo\com\fasterxml\jackson\datatype\jackson-datatype-jsr310\2.10.0\jackson-datatype-jsr310-2.10.0.jar;E:\apache-maven-3.6.3\repo\com\fasterxml\jackson\module\jackson-module-parameter-names\2.10.0\jackson-module-parameter-names-2.10.0.jar;E:\apache-maven-3.6.3\repo\org\springframework\boot\spring-boot-starter-tomcat\2.2.1.RELEASE\spring-boot-starter-tomcat-2.2.1.RELEASE.jar;E:\apache-maven-3.6.3\repo\org\apache\tomcat\embed\tomcat-embed-core\9.0.27\tomcat-embed-core-9.0.27.jar;E:\apache-maven-3.6.3\repo\org\apache\tomcat\embed\tomcat-embed-el\9.0.27\tomcat-embed-el-9.0.27.jar;E:\apache-maven-3.6.3\repo\org\apache\tomcat\embed\tomcat-embed-websocket\9.0.27\tomcat-embed-websocket-9.0.27.jar;E:\apache-maven-3.6.3\repo\org\springframework\boot\spring-boot-starter-validation\2.2.1.RELEASE\spring-boot-starter-validation-2.2.1.RELEASE.jar;E:\apache-maven-3.6.3\repo\jakarta\validation\jakarta.validation-api\2.0.1\jakarta.validation-api-2.0.1.jar;E:\apache-maven-3.6.3\repo\org\hibernate\validator\hibernate-validator\6.0.18.Final\hibernate-validator-6.0.18.Final.jar;E:\apache-maven-3.6.3\repo\org\springframework\spring-web\5.2.1.RELEASE\spring-web-5.2.1.RELEASE.jar;E:\apache-maven-3.6.3\repo\org\springframework\spring-webmvc\5.2.1.RELEASE\spring-webmvc-5.2.1.RELEASE.jar;E:\apache-maven-3.6.3\repo\org\springframework\spring-expression\5.2.1.RELEASE\spring-expression-5.2.1.RELEASE.jar;E:\apache-maven-3.6.3\repo\org\mybatis\spring\boot\mybatis-spring-boot-starter\2.1.1\mybatis-spring-boot-starter-2.1.1.jar;E:\apache-maven-3.6.3\repo\org\mybatis\spring\boot\mybatis-spring-boot-autoconfigure\2.1.1\mybatis-spring-boot-autoconfigure-2.1.1.jar;E:\apache-maven-3.6.3\repo\org\mybatis\mybatis\3.5.3\mybatis-3.5.3.jar;E:\apache-maven-3.6.3\repo\org\mybatis\mybatis-spring\2.0.3\mybatis-spring-2.0.3.jar;E:\apache-maven-3.6.3\repo\com\alibaba\druid\1.0.22\druid-1.0.22.jar;E:\Program Files\Java\jdk1.8.0_212\jre\..\lib\jconsole.jar;E:\Program Files\Java\jdk1.8.0_212\jre\..\lib\tools.jar;E:\apache-maven-3.6.3\repo\org\springframework\boot\spring-boot-devtools\2.2.1.RELEASE\spring-boot-devtools-2.2.1.RELEASE.jar;E:\apache-maven-3.6.3\repo\org\springframework\boot\spring-boot\2.2.1.RELEASE\spring-boot-2.2.1.RELEASE.jar;E:\apache-maven-3.6.3\repo\org\springframework\boot\spring-boot-autoconfigure\2.2.1.RELEASE\spring-boot-autoconfigure-2.2.1.RELEASE.jar;E:\apache-maven-3.6.3\repo\org\springframework\boot\spring-boot-starter-thymeleaf\2.2.1.RELEASE\spring-boot-starter-thymeleaf-2.2.1.RELEASE.jar;E:\apache-maven-3.6.3\repo\org\thymeleaf\thymeleaf-spring5\3.0.11.RELEASE\thymeleaf-spring5-3.0.11.RELEASE.jar;E:\apache-maven-3.6.3\repo\org\thymeleaf\thymeleaf\3.0.11.RELEASE\thymeleaf-3.0.11.RELEASE.jar;E:\apache-maven-3.6.3\repo\org\attoparser\attoparser\2.0.5.RELEASE\attoparser-2.0.5.RELEASE.jar;E:\apache-maven-3.6.3\repo\org\unbescape\unbescape\1.1.6.RELEASE\unbescape-1.1.6.RELEASE.jar;E:\apache-maven-3.6.3\repo\org\thymeleaf\extras\thymeleaf-extras-java8time\3.0.4.RELEASE\thymeleaf-extras-java8time-3.0.4.RELEASE.jar;E:\apache-maven-3.6.3\repo\mysql\mysql-connector-java\8.0.18\mysql-connector-java-8.0.18.jar;E:\apache-maven-3.6.3\repo\org\apache\commons\commons-lang3\3.8.1\commons-lang3-3.8.1.jar;E:\apache-maven-3.6.3\repo\commons-io\commons-io\2.4\commons-io-2.4.jar;E:\apache-maven-3.6.3\repo\tk\mybatis\mapper\4.1.5\mapper-4.1.5.jar;E:\apache-maven-3.6.3\repo\javax\persistence\persistence-api\1.0\persistence-api-1.0.jar;E:\apache-maven-3.6.3\repo\com\github\pagehelper\pagehelper-spring-boot-starter\1.2.5\pagehelper-spring-boot-starter-1.2.5.jar;E:\apache-maven-3.6.3\repo\com\github\pagehelper\pagehelper-spring-boot-autoconfigure\1.2.5\pagehelper-spring-boot-autoconfigure-1.2.5.jar;E:\apache-maven-3.6.3\repo\com\github\pagehelper\pagehelper\5.1.4\pagehelper-5.1.4.jar;E:\apache-maven-3.6.3\repo\com\github\jsqlparser\jsqlparser\1.0\jsqlparser-1.0.jar;E:\apache-maven-3.6.3\repo\org\springframework\boot\spring-boot-starter-test\2.2.1.RELEASE\spring-boot-starter-test-2.2.1.RELEASE.jar;E:\apache-maven-3.6.3\repo\org\springframework\boot\spring-boot-test\2.2.1.RELEASE\spring-boot-test-2.2.1.RELEASE.jar;E:\apache-maven-3.6.3\repo\org\springframework\boot\spring-boot-test-autoconfigure\2.2.1.RELEASE\spring-boot-test-autoconfigure-2.2.1.RELEASE.jar;E:\apache-maven-3.6.3\repo\com\jayway\jsonpath\json-path\2.4.0\json-path-2.4.0.jar;E:\apache-maven-3.6.3\repo\net\minidev\json-smart\2.3\json-smart-2.3.jar;E:\apache-maven-3.6.3\repo\net\minidev\accessors-smart\1.2\accessors-smart-1.2.jar;E:\apache-maven-3.6.3\repo\org\ow2\asm\asm\5.0.4\asm-5.0.4.jar;E:\apache-maven-3.6.3\repo\jakarta\xml\bind\jakarta.xml.bind-api\2.3.2\jakarta.xml.bind-api-2.3.2.jar;E:\apache-maven-3.6.3\repo\org\junit\jupiter\junit-jupiter\5.5.2\junit-jupiter-5.5.2.jar;E:\apache-maven-3.6.3\repo\org\junit\jupiter\junit-jupiter-api\5.5.2\junit-jupiter-api-5.5.2.jar;E:\apache-maven-3.6.3\repo\org\apiguardian\apiguardian-api\1.1.0\apiguardian-api-1.1.0.jar;E:\apache-maven-3.6.3\repo\org\opentest4j\opentest4j\1.2.0\opentest4j-1.2.0.jar;E:\apache-maven-3.6.3\repo\org\junit\platform\junit-platform-commons\1.5.2\junit-platform-commons-1.5.2.jar;E:\apache-maven-3.6.3\repo\org\junit\jupiter\junit-jupiter-params\5.5.2\junit-jupiter-params-5.5.2.jar;E:\apache-maven-3.6.3\repo\org\junit\jupiter\junit-jupiter-engine\5.5.2\junit-jupiter-engine-5.5.2.jar;E:\apache-maven-3.6.3\repo\org\junit\platform\junit-platform-engine\1.5.2\junit-platform-engine-1.5.2.jar;E:\apache-maven-3.6.3\repo\org\mockito\mockito-junit-jupiter\3.1.0\mockito-junit-jupiter-3.1.0.jar;E:\apache-maven-3.6.3\repo\org\assertj\assertj-core\3.13.2\assertj-core-3.13.2.jar;E:\apache-maven-3.6.3\repo\org\hamcrest\hamcrest\2.1\hamcrest-2.1.jar;E:\apache-maven-3.6.3\repo\org\mockito\mockito-core\3.1.0\mockito-core-3.1.0.jar;E:\apache-maven-3.6.3\repo\net\bytebuddy\byte-buddy-agent\1.10.2\byte-buddy-agent-1.10.2.jar;E:\apache-maven-3.6.3\repo\org\objenesis\objenesis\2.6\objenesis-2.6.jar;E:\apache-maven-3.6.3\repo\org\skyscreamer\jsonassert\1.5.0\jsonassert-1.5.0.jar;E:\apache-maven-3.6.3\repo\com\vaadin\external\google\android-json\0.0.20131108.vaadin1\android-json-0.0.20131108.vaadin1.jar;E:\apache-maven-3.6.3\repo\org\springframework\spring-core\5.2.1.RELEASE\spring-core-5.2.1.RELEASE.jar;E:\apache-maven-3.6.3\repo\org\springframework\spring-jcl\5.2.1.RELEASE\spring-jcl-5.2.1.RELEASE.jar;E:\apache-maven-3.6.3\repo\org\springframework\spring-test\5.2.1.RELEASE\spring-test-5.2.1.RELEASE.jar;E:\apache-maven-3.6.3\repo\org\xmlunit\xmlunit-core\2.6.3\xmlunit-core-2.6.3.jar;"/>
    <property name="sun.cpu.endian" value="little"/>
    <property name="user.home" value="C:\Users\Administrator"/>
    <property name="user.language" value="zh"/>
    <property name="java.specification.vendor" value="Oracle Corporation"/>
    <property name="java.home" value="E:\Program Files\Java\jdk1.8.0_212\jre"/>
    <property name="basedir" value="C:\Users\Administrator\IdeaProjects\video"/>
    <property name="file.separator" value="\"/>
    <property name="line.separator" value="&#10;"/>
    <property name="java.vm.specification.vendor" value="Oracle Corporation"/>
    <property name="java.specification.name" value="Java Platform API Specification"/>
    <property name="java.awt.graphicsenv" value="sun.awt.Win32GraphicsEnvironment"/>
    <property name="surefire.real.class.path" value="C:\Users\ADMINI~1\AppData\Local\Temp\surefire9188516432230807020\surefirebooter6444281952281455785.jar"/>
    <property name="sun.boot.class.path" value="E:\Program Files\Java\jdk1.8.0_212\jre\lib\resources.jar;E:\Program Files\Java\jdk1.8.0_212\jre\lib\rt.jar;E:\Program Files\Java\jdk1.8.0_212\jre\lib\sunrsasign.jar;E:\Program Files\Java\jdk1.8.0_212\jre\lib\jsse.jar;E:\Program Files\Java\jdk1.8.0_212\jre\lib\jce.jar;E:\Program Files\Java\jdk1.8.0_212\jre\lib\charsets.jar;E:\Program Files\Java\jdk1.8.0_212\jre\lib\jfr.jar;E:\Program Files\Java\jdk1.8.0_212\jre\classes"/>
    <property name="user.script" value=""/>
    <property name="sun.management.compiler" value="HotSpot 64-Bit Tiered Compilers"/>
    <property name="java.runtime.version" value="1.8.0_212-b10"/>
    <property name="user.name" value="Administrator"/>
    <property name="path.separator" value=";"/>
    <property name="os.version" value="10.0"/>
    <property name="java.endorsed.dirs" value="E:\Program Files\Java\jdk1.8.0_212\jre\lib\endorsed"/>
    <property name="java.runtime.name" value="Java(TM) SE Runtime Environment"/>
    <property name="file.encoding" value="GBK"/>
    <property name="java.vm.name" value="Java HotSpot(TM) 64-Bit Server VM"/>
    <property name="localRepository" value="E:\apache-maven-3.6.3\repo"/>
    <property name="java.vendor.url.bug" value="http://bugreport.sun.com/bugreport/"/>
    <property name="java.io.tmpdir" value="C:\Users\ADMINI~1\AppData\Local\Temp\"/>
    <property name="java.version" value="1.8.0_212"/>
    <property name="user.dir" value="C:\Users\Administrator\IdeaProjects\video"/>
    <property name="os.arch" value="amd64"/>
    <property name="java.vm.specification.name" value="Java Virtual Machine Specification"/>
    <property name="java.awt.printerjob" value="sun.awt.windows.WPrinterJob"/>
    <property name="sun.os.patch.level" value=""/>
    <property name="java.library.path" value="E:\Program Files\Java\jdk1.8.0_212\jre\bin;C:\Windows\Sun\Java\bin;C:\Windows\system32;C:\Windows;C:\Windows\system32;C:\Windows;C:\Windows\System32\Wbem;C:\Windows\System32\WindowsPowerShell\v1.0\;C:\Windows\System32\OpenSSH\;E:\apache-maven-3.6.3\bin;E:\Program Files\Java\jdk1.8.0_212\bin;E:\Program Files\Git\cmd;E:\Program Files\TortoiseGit\bin;C:\Program Files\MySQL\MySQL Server 8.0\bin;C:\Program Files\MySQL\MySQL Shell 8.0\bin\;C:\Users\Administrator\AppData\Local\Microsoft\WindowsApps;;E:\Program Files\JetBrains\IntelliJ IDEA 2019.3\bin;;."/>
    <property name="java.vm.info" value="mixed mode"/>
    <property name="java.vendor" value="Oracle Corporation"/>
    <property name="java.vm.version" value="25.212-b10"/>
    <property name="idea.version2019.3" value="true"/>
    <property name="java.ext.dirs" value="E:\Program Files\Java\jdk1.8.0_212\jre\lib\ext;C:\Windows\Sun\Java\lib\ext"/>
    <property name="sun.io.unicode.encoding" value="UnicodeLittle"/>
    <property name="maven.repo.local" value="E:\apache-maven-3.6.3\repo"/>
    <property name="java.class.version" value="52.0"/>
  </properties>
  <testcase name="contextLoads" classname="com.mju.video.VideoApplicationTests" time="0.173"/>
</testsuite>